<?xml version="1.0" encoding="UTF-8"?>
<!-- Generated by org.testng.reporters.JUnitReportReporter -->
<testsuite hostname="LAPTOP-2GS0B1AU" failures="0" tests="5" name="Posts.PostsTest" time="2.212" errors="0" timestamp="2022-06-27T17:52:13 CEST" skipped="0">
  <testcase classname="Posts.PostsTest" name="Given_Invalid_PostId_When_Retrieve_Posts_Then_NotFound_Error_Displayed" time="1.240"/>
  <system-out/>
  <testcase classname="Posts.PostsTest" name="Given_Valid_UserId_When_Retrieve_Posts_Then_Posts_Per_User_Listed" time="0.185"/>
  <system-out/>
  <testcase classname="Posts.PostsTest" name="Given_Valid_PostId_When_Retrieve_Comments_Then_Comments_Per_PostId_Retrieved" time="0.323"/>
  <system-out/>
  <testcase classname="Posts.PostsTest" name="Given_Invalid_UserId_When_Retrieve_Posts_Then_Empty_Response_Listed" time="0.332"/>
  <system-out/>
  <testcase classname="Posts.PostsTest" name="When_Retrieve_Posts_Then_All_Posts_Listed" time="0.132"/>
  <system-out/>
</testsuite> <!-- Posts.PostsTest -->
