<?xml version="1.0" encoding="UTF-8"?>
<!-- Generated by org.testng.reporters.JUnitReportReporter -->
<testsuite hostname="LAPTOP-2GS0B1AU" failures="0" tests="3" name="Users.UserTest" time="3.576" errors="0" timestamp="2022-06-27T17:52:13 CEST" skipped="0">
  <testcase classname="Users.UserTest" name="When_Retrieve_Users_Then_Users_Listed" time="0.200"/>
  <system-out/>
  <testcase classname="Users.UserTest" name="Given_Invalid_Username_When_Retrieve_Users_Then_Empty_Response_Received" time="3.007"/>
  <system-out/>
  <testcase classname="Users.UserTest" name="Given_Valid_Username_When_Retrieve_Users_Then_Valid_User_Listed" time="0.369"/>
  <system-out/>
</testsuite> <!-- Users.UserTest -->
