<?xml version="1.0" encoding="UTF-8"?>
<!-- Generated by org.testng.reporters.JUnitReportReporter -->
<testsuite hostname="LAPTOP-2GS0B1AU" failures="0" tests="2" name="Comments.CommentsTest" time="3.223" errors="0" timestamp="2022-06-27T17:52:13 CEST" skipped="0">
  <testcase classname="Comments.CommentsTest" name="Given_PostId_When_Retrieve_Comments_Then_Comments_PerPost_Listed" time="2.760"/>
  <system-out/>
  <testcase classname="Comments.CommentsTest" name="When_Retrieve_Commands_Then_All_Comments_Listed" time="0.463"/>
  <system-out/>
</testsuite> <!-- Comments.CommentsTest -->
